<?xml version="1.0" encoding="UTF-8"?>
<!-- Generated by org.testng.reporters.JUnitXMLReporter -->
<testsuite ignored="0" hostname="DESKTOP-SSS5PN9" failures="0" tests="4" name="OpenCart Tests" time="44.878" errors="0" timestamp="2022-10-05T18:05:16 CEST">
  <testcase classname="testCases.TC_003_LoginDDT" name="test_LoginDDT" time="2.925"/>
  <testcase classname="testCases.TC_003_LoginDDT" name="test_LoginDDT" time="11.393"/>
  <testcase classname="testCases.TC_003_LoginDDT" name="test_LoginDDT" time="11.35"/>
  <testcase classname="testCases.TC_003_LoginDDT" name="test_LoginDDT" time="11.394"/>
</testsuite> <!-- OpenCart Tests -->
