<?xml version="1.0" encoding="UTF-8"?>
<!-- Generated by org.testng.reporters.JUnitXMLReporter -->
<testsuite ignored="0" hostname="DESKTOP-SSS5PN9" failures="0" tests="4" name="OpenCart Tests" time="45.369" errors="0" timestamp="2022-10-05T00:28:14 CEST">
  <testcase classname="testCases.TC_003_LoginDDT" name="test_LoginDDT" time="3.521"/>
  <testcase classname="testCases.TC_003_LoginDDT" name="test_LoginDDT" time="11.456"/>
  <testcase classname="testCases.TC_003_LoginDDT" name="test_LoginDDT" time="11.492"/>
  <testcase classname="testCases.TC_003_LoginDDT" name="test_LoginDDT" time="13.033"/>
</testsuite> <!-- OpenCart Tests -->
